2020-02-14 23:09:32,960 [Worker-3] INFO  c.g.t.t.d.PublishedGradleVersions - Gradle version information cache is out-of-date. Trying to update.
2020-02-14 23:13:23,598 [Worker-3] INFO  c.g.t.t.d.PublishedGradleVersions - Gradle version information cache is up-to-date. Trying to read.
2020-02-14 23:15:22,448 [Worker-17] INFO  o.e.m.c.i.l.LifecycleMappingFactory - Using org.eclipse.m2e.jdt.JarLifecycleMapping lifecycle mapping for MavenProject: com.inportia:September23:0.0.1-SNAPSHOT @ E:\Automation-Inportia\Automation-Projects\AutomationFramework\pom.xml.
2020-02-14 23:15:28,866 [Worker-17] INFO  o.e.m.c.i.embedder.EclipseLogger - Using 'UTF-8' encoding to copy filtered resources.
2020-02-14 23:15:28,866 [Worker-17] INFO  o.e.m.c.i.embedder.EclipseLogger - skip non existing resourceDirectory E:\Automation-Inportia\Automation-Projects\AutomationFramework\src\main\resources
2020-02-14 23:15:28,895 [Worker-17] INFO  o.e.m.c.i.embedder.EclipseLogger - Using 'UTF-8' encoding to copy filtered resources.
2020-02-14 23:15:28,895 [Worker-17] INFO  o.e.m.c.i.embedder.EclipseLogger - skip non existing resourceDirectory E:\Automation-Inportia\Automation-Projects\AutomationFramework\src\test\resources
2020-02-14 23:15:33,146 [Worker-10] INFO  o.e.m.c.i.embedder.EclipseLogger - Using 'UTF-8' encoding to copy filtered resources.
2020-02-14 23:15:33,147 [Worker-10] INFO  o.e.m.c.i.embedder.EclipseLogger - skip non existing resourceDirectory E:\Automation-Inportia\Automation-Projects\AutomationFramework\src\main\resources
2020-02-14 23:15:33,149 [Worker-10] INFO  o.e.m.c.i.embedder.EclipseLogger - Using 'UTF-8' encoding to copy filtered resources.
2020-02-14 23:15:33,149 [Worker-10] INFO  o.e.m.c.i.embedder.EclipseLogger - skip non existing resourceDirectory E:\Automation-Inportia\Automation-Projects\AutomationFramework\src\test\resources
2020-02-14 23:18:15,476 [Worker-3] INFO  o.e.m.c.i.l.LifecycleMappingFactory - Using org.eclipse.m2e.jdt.JarLifecycleMapping lifecycle mapping for MavenProject: com.Testautomation:SeleniumFramework:0.0.1-SNAPSHOT @ E:\Interview\Automation-Projects\pom.xml.
2020-02-16 19:40:51,536 [Worker-3] INFO  c.g.t.t.d.PublishedGradleVersions - Gradle version information cache is out-of-date. Trying to update.
2020-02-16 19:41:41,129 [Worker-11] WARN  o.e.m.c.i.embedder.EclipseLogger - Using platform encoding (Cp1252 actually) to copy filtered resources, i.e. build is platform dependent!
2020-02-16 19:41:41,172 [Worker-11] INFO  o.e.m.c.i.embedder.EclipseLogger - Copying 0 resource
2020-02-16 19:41:41,177 [Worker-11] WARN  o.e.m.c.i.embedder.EclipseLogger - Using platform encoding (Cp1252 actually) to copy filtered resources, i.e. build is platform dependent!
2020-02-16 19:41:41,179 [Worker-11] INFO  o.e.m.c.i.embedder.EclipseLogger - Copying 0 resource
2020-02-16 19:41:42,781 [Worker-11] INFO  o.e.m.c.i.embedder.EclipseLogger - Using 'UTF-8' encoding to copy filtered resources.
2020-02-16 19:41:42,781 [Worker-11] INFO  o.e.m.c.i.embedder.EclipseLogger - skip non existing resourceDirectory E:\Automation-Inportia\Automation-Projects\AutomationFramework\src\main\resources
2020-02-16 19:41:42,788 [Worker-11] INFO  o.e.m.c.i.embedder.EclipseLogger - Using 'UTF-8' encoding to copy filtered resources.
2020-02-16 19:41:42,788 [Worker-11] INFO  o.e.m.c.i.embedder.EclipseLogger - skip non existing resourceDirectory E:\Automation-Inportia\Automation-Projects\AutomationFramework\src\test\resources
